This is pdfTeX, Version 3.14159265-2.6-1.40.18 (TeX Live 2017/Debian) (preloaded format=pdflatex 2020.2.29)  30 DEC 2020 16:40
entering extended mode
 restricted \write18 enabled.
 %&-line parsing enabled.
**4GeV_bin_Version.tex
(./4GeV_bin_Version.tex
LaTeX2e <2017-04-15>
Babel <3.18> and hyphenation patterns for 84 language(s) loaded.
(/usr/share/texlive/texmf-dist/tex/latex/base/article.cls
Document Class: article 2014/09/29 v1.4h Standard LaTeX document class
(/usr/share/texlive/texmf-dist/tex/latex/base/size10.clo
File: size10.clo 2014/09/29 v1.4h Standard LaTeX file (size option)
)
\c@part=\count79
\c@section=\count80
\c@subsection=\count81
\c@subsubsection=\count82
\c@paragraph=\count83
\c@subparagraph=\count84
\c@figure=\count85
\c@table=\count86
\abovecaptionskip=\skip41
\belowcaptionskip=\skip42
\bibindent=\dimen102
)
(/usr/share/texlive/texmf-dist/tex/latex/graphics/graphicx.sty
Package: graphicx 2017/06/01 v1.1a Enhanced LaTeX Graphics (DPC,SPQR)

(/usr/share/texlive/texmf-dist/tex/latex/graphics/keyval.sty
Package: keyval 2014/10/28 v1.15 key=value parser (DPC)
\KV@toks@=\toks14
)
(/usr/share/texlive/texmf-dist/tex/latex/graphics/graphics.sty
Package: graphics 2017/06/25 v1.2c Standard LaTeX Graphics (DPC,SPQR)

(/usr/share/texlive/texmf-dist/tex/latex/graphics/trig.sty
Package: trig 2016/01/03 v1.10 sin cos tan (DPC)
)
(/usr/share/texlive/texmf-dist/tex/latex/graphics-cfg/graphics.cfg
File: graphics.cfg 2016/06/04 v1.11 sample graphics configuration
)
Package graphics Info: Driver file: pdftex.def on input line 99.

(/usr/share/texlive/texmf-dist/tex/latex/graphics-def/pdftex.def
File: pdftex.def 2018/01/08 v1.0l Graphics/color driver for pdftex
))
\Gin@req@height=\dimen103
\Gin@req@width=\dimen104
)
(/usr/share/texlive/texmf-dist/tex/latex/caption/subcaption.sty
Package: subcaption 2016/05/22 v1.1-161 Sub-captions (AR)

(/usr/share/texlive/texmf-dist/tex/latex/caption/caption.sty
Package: caption 2016/02/21 v3.3-144 Customizing captions (AR)

(/usr/share/texlive/texmf-dist/tex/latex/caption/caption3.sty
Package: caption3 2016/05/22 v1.7-166 caption3 kernel (AR)
Package caption3 Info: TeX engine: e-TeX on input line 67.
\captionmargin=\dimen105
\captionmargin@=\dimen106
\captionwidth=\dimen107
\caption@tempdima=\dimen108
\caption@indent=\dimen109
\caption@parindent=\dimen110
\caption@hangindent=\dimen111
)
\c@ContinuedFloat=\count87
)
\c@subfigure=\count88
\c@subtable=\count89
)
(./4GeV_bin_Version.aux)
\openout1 = `4GeV_bin_Version.aux'.

LaTeX Font Info:    Checking defaults for OML/cmm/m/it on input line 16.
LaTeX Font Info:    ... okay on input line 16.
LaTeX Font Info:    Checking defaults for T1/cmr/m/n on input line 16.
LaTeX Font Info:    ... okay on input line 16.
LaTeX Font Info:    Checking defaults for OT1/cmr/m/n on input line 16.
LaTeX Font Info:    ... okay on input line 16.
LaTeX Font Info:    Checking defaults for OMS/cmsy/m/n on input line 16.
LaTeX Font Info:    ... okay on input line 16.
LaTeX Font Info:    Checking defaults for OMX/cmex/m/n on input line 16.
LaTeX Font Info:    ... okay on input line 16.
LaTeX Font Info:    Checking defaults for U/cmr/m/n on input line 16.
LaTeX Font Info:    ... okay on input line 16.

(/usr/share/texlive/texmf-dist/tex/context/base/mkii/supp-pdf.mkii
[Loading MPS to PDF converter (version 2006.09.02).]
\scratchcounter=\count90
\scratchdimen=\dimen112
\scratchbox=\box26
\nofMPsegments=\count91
\nofMParguments=\count92
\everyMPshowfont=\toks15
\MPscratchCnt=\count93
\MPscratchDim=\dimen113
\MPnumerator=\count94
\makeMPintoPDFobject=\count95
\everyMPtoPDFconversion=\toks16
) (/usr/share/texlive/texmf-dist/tex/latex/oberdiek/epstopdf-base.sty
Package: epstopdf-base 2016/05/15 v2.6 Base part for package epstopdf

(/usr/share/texlive/texmf-dist/tex/generic/oberdiek/infwarerr.sty
Package: infwarerr 2016/05/16 v1.4 Providing info/warning/error messages (HO)
)
(/usr/share/texlive/texmf-dist/tex/latex/oberdiek/grfext.sty
Package: grfext 2016/05/16 v1.2 Manage graphics extensions (HO)

(/usr/share/texlive/texmf-dist/tex/generic/oberdiek/kvdefinekeys.sty
Package: kvdefinekeys 2016/05/16 v1.4 Define keys (HO)

(/usr/share/texlive/texmf-dist/tex/generic/oberdiek/ltxcmds.sty
Package: ltxcmds 2016/05/16 v1.23 LaTeX kernel commands for general use (HO)
)))
(/usr/share/texlive/texmf-dist/tex/latex/oberdiek/kvoptions.sty
Package: kvoptions 2016/05/16 v3.12 Key value format for package options (HO)

(/usr/share/texlive/texmf-dist/tex/generic/oberdiek/kvsetkeys.sty
Package: kvsetkeys 2016/05/16 v1.17 Key value parser (HO)

(/usr/share/texlive/texmf-dist/tex/generic/oberdiek/etexcmds.sty
Package: etexcmds 2016/05/16 v1.6 Avoid name clashes with e-TeX commands (HO)

(/usr/share/texlive/texmf-dist/tex/generic/oberdiek/ifluatex.sty
Package: ifluatex 2016/05/16 v1.4 Provides the ifluatex switch (HO)
Package ifluatex Info: LuaTeX not detected.
)
Package etexcmds Info: Could not find \expanded.
(etexcmds)             That can mean that you are not using pdfTeX 1.50 or
(etexcmds)             that some package has redefined \expanded.
(etexcmds)             In the latter case, load this package earlier.
)))
(/usr/share/texlive/texmf-dist/tex/generic/oberdiek/pdftexcmds.sty
Package: pdftexcmds 2018/01/21 v0.26 Utility functions of pdfTeX for LuaTeX (HO
)

(/usr/share/texlive/texmf-dist/tex/generic/oberdiek/ifpdf.sty
Package: ifpdf 2017/03/15 v3.2 Provides the ifpdf switch
)
Package pdftexcmds Info: LuaTeX not detected.
Package pdftexcmds Info: \pdf@primitive is available.
Package pdftexcmds Info: \pdf@ifprimitive is available.
Package pdftexcmds Info: \pdfdraftmode found.
)
Package epstopdf-base Info: Redefining graphics rule for `.eps' on input line 4
38.
Package grfext Info: Graphics extension search list:
(grfext)             [.pdf,.png,.jpg,.mps,.jpeg,.jbig2,.jb2,.PDF,.PNG,.JPG,.JPE
G,.JBIG2,.JB2,.eps]
(grfext)             \AppendGraphicsExtensions on input line 456.

(/usr/share/texlive/texmf-dist/tex/latex/latexconfig/epstopdf-sys.cfg
File: epstopdf-sys.cfg 2010/07/13 v1.3 Configuration of (r)epstopdf for TeX Liv
e
))
Package caption Info: Begin \AtBeginDocument code.
Package caption Info: End \AtBeginDocument code.
<Zee_ZMass_2016.pdf, id=1, 569.12625pt x 407.5225pt>
File: Zee_ZMass_2016.pdf Graphic file (type pdf)
<use Zee_ZMass_2016.pdf>
Package pdftex.def Info: Zee_ZMass_2016.pdf  used on input line 22.
(pdftex.def)             Requested size: 212.16118pt x 151.9189pt.
<Zmm_ZMass_2016.pdf, id=2, 569.12625pt x 407.5225pt>
File: Zmm_ZMass_2016.pdf Graphic file (type pdf)
<use Zmm_ZMass_2016.pdf>
Package pdftex.def Info: Zmm_ZMass_2016.pdf  used on input line 25.
(pdftex.def)             Requested size: 212.16118pt x 151.9189pt.
<Zee_ZMass_2017.pdf, id=3, 569.12625pt x 407.5225pt>
File: Zee_ZMass_2017.pdf Graphic file (type pdf)
<use Zee_ZMass_2017.pdf>
Package pdftex.def Info: Zee_ZMass_2017.pdf  used on input line 28.
(pdftex.def)             Requested size: 212.16118pt x 151.9189pt.
<Zmm_ZMass_2017.pdf, id=4, 569.12625pt x 407.5225pt>
File: Zmm_ZMass_2017.pdf Graphic file (type pdf)
<use Zmm_ZMass_2017.pdf>
Package pdftex.def Info: Zmm_ZMass_2017.pdf  used on input line 31.
(pdftex.def)             Requested size: 212.16118pt x 151.9189pt.
<Zee_ZMass_2018.pdf, id=5, 569.12625pt x 407.5225pt>
File: Zee_ZMass_2018.pdf Graphic file (type pdf)
<use Zee_ZMass_2018.pdf>
Package pdftex.def Info: Zee_ZMass_2018.pdf  used on input line 34.
(pdftex.def)             Requested size: 212.16118pt x 151.9189pt.
<Zmm_ZMass_2018.pdf, id=6, 569.12625pt x 407.5225pt>
File: Zmm_ZMass_2018.pdf Graphic file (type pdf)
<use Zmm_ZMass_2018.pdf>
Package pdftex.def Info: Zmm_ZMass_2018.pdf  used on input line 37.
(pdftex.def)             Requested size: 212.16118pt x 151.9189pt.
<Zee_MET_2016.pdf, id=7, 569.12625pt x 407.5225pt>
File: Zee_MET_2016.pdf Graphic file (type pdf)
<use Zee_MET_2016.pdf>
Package pdftex.def Info: Zee_MET_2016.pdf  used on input line 48.
(pdftex.def)             Requested size: 212.16118pt x 151.9189pt.
<Zmm_MET_2016.pdf, id=8, 569.12625pt x 407.5225pt>
File: Zmm_MET_2016.pdf Graphic file (type pdf)
<use Zmm_MET_2016.pdf>
Package pdftex.def Info: Zmm_MET_2016.pdf  used on input line 51.
(pdftex.def)             Requested size: 212.16118pt x 151.9189pt.
<Zee_MET_2017.pdf, id=9, 569.12625pt x 407.5225pt>
File: Zee_MET_2017.pdf Graphic file (type pdf)
<use Zee_MET_2017.pdf>
Package pdftex.def Info: Zee_MET_2017.pdf  used on input line 54.
(pdftex.def)             Requested size: 212.16118pt x 151.9189pt.
<Zmm_MET_2017.pdf, id=10, 569.12625pt x 407.5225pt>
File: Zmm_MET_2017.pdf Graphic file (type pdf)
<use Zmm_MET_2017.pdf>
Package pdftex.def Info: Zmm_MET_2017.pdf  used on input line 57.
(pdftex.def)             Requested size: 212.16118pt x 151.9189pt.
<Zee_MET_2018.pdf, id=11, 569.12625pt x 407.5225pt>
File: Zee_MET_2018.pdf Graphic file (type pdf)
<use Zee_MET_2018.pdf>
Package pdftex.def Info: Zee_MET_2018.pdf  used on input line 60.
(pdftex.def)             Requested size: 212.16118pt x 151.9189pt.
<Zmm_MET_2018.pdf, id=12, 569.12625pt x 407.5225pt>
File: Zmm_MET_2018.pdf Graphic file (type pdf)
<use Zmm_MET_2018.pdf>
Package pdftex.def Info: Zmm_MET_2018.pdf  used on input line 63.
(pdftex.def)             Requested size: 212.16118pt x 151.9189pt.
<Zee_METsig_2016.pdf, id=13, 569.12625pt x 407.5225pt>
File: Zee_METsig_2016.pdf Graphic file (type pdf)
<use Zee_METsig_2016.pdf>
Package pdftex.def Info: Zee_METsig_2016.pdf  used on input line 74.
(pdftex.def)             Requested size: 212.16118pt x 151.9189pt.
<Zmm_METsig_2016.pdf, id=14, 569.12625pt x 407.5225pt>
File: Zmm_METsig_2016.pdf Graphic file (type pdf)
<use Zmm_METsig_2016.pdf>
Package pdftex.def Info: Zmm_METsig_2016.pdf  used on input line 77.
(pdftex.def)             Requested size: 212.16118pt x 151.9189pt.
<Zee_METsig_2017.pdf, id=15, 569.12625pt x 407.5225pt>
File: Zee_METsig_2017.pdf Graphic file (type pdf)
<use Zee_METsig_2017.pdf>
Package pdftex.def Info: Zee_METsig_2017.pdf  used on input line 80.
(pdftex.def)             Requested size: 212.16118pt x 151.9189pt.
<Zmm_METsig_2017.pdf, id=16, 569.12625pt x 407.5225pt>
File: Zmm_METsig_2017.pdf Graphic file (type pdf)
<use Zmm_METsig_2017.pdf>
Package pdftex.def Info: Zmm_METsig_2017.pdf  used on input line 83.
(pdftex.def)             Requested size: 212.16118pt x 151.9189pt.
<Zee_METsig_2018.pdf, id=17, 569.12625pt x 408.52625pt>
File: Zee_METsig_2018.pdf Graphic file (type pdf)
<use Zee_METsig_2018.pdf>
Package pdftex.def Info: Zee_METsig_2018.pdf  used on input line 86.
(pdftex.def)             Requested size: 212.16118pt x 152.29309pt.
<Zmm_METsig_2018.pdf, id=18, 569.12625pt x 407.5225pt>
File: Zmm_METsig_2018.pdf Graphic file (type pdf)
<use Zmm_METsig_2018.pdf>
Package pdftex.def Info: Zmm_METsig_2018.pdf  used on input line 89.
(pdftex.def)             Requested size: 212.16118pt x 151.9189pt.

[1{/var/lib/texmf/fonts/map/pdftex/updmap/pdftex.map} <./Zee_ZMass_2016.pdf, pa
ge is rotated 90 degrees> <./Zmm_ZMass_2016.pdf, page is rotated 90 degrees> <.
/Zee_ZMass_2017.pdf, page is rotated 90 degrees> <./Zmm_ZMass_2017.pdf, page is
 rotated 90 degrees> <./Zee_ZMass_2018.pdf, page is rotated 90 degrees> <./Zmm_
ZMass_2018.pdf, page is rotated 90 degrees>] [2 <./Zee_MET_2016.pdf, page is ro
tated 90 degrees> <./Zmm_MET_2016.pdf, page is rotated 90 degrees> <./Zee_MET_2
017.pdf, page is rotated 90 degrees> <./Zmm_MET_2017.pdf, page is rotated 90 de
grees> <./Zee_MET_2018.pdf, page is rotated 90 degrees> <./Zmm_MET_2018.pdf, pa
ge is rotated 90 degrees>] [3 <./Zee_METsig_2016.pdf, page is rotated 90 degree
s> <./Zmm_METsig_2016.pdf, page is rotated 90 degrees> <./Zee_METsig_2017.pdf, 
page is rotated 90 degrees> <./Zmm_METsig_2017.pdf, page is rotated 90 degrees>
 <./Zee_METsig_2018.pdf, page is rotated 90 degrees> <./Zmm_METsig_2018.pdf, pa
ge is rotated 90 degrees>] (./4GeV_bin_Version.aux) ) 
Here is how much of TeX's memory you used:
 2628 strings out of 492982
 42999 string characters out of 6134896
 98633 words of memory out of 5000000
 6188 multiletter control sequences out of 15000+600000
 3640 words of font info for 14 fonts, out of 8000000 for 9000
 1141 hyphenation exceptions out of 8191
 42i,7n,40p,283b,411s stack positions out of 5000i,500n,10000p,200000b,80000s
</usr/share/texlive/texmf-
dist/fonts/type1/public/amsfonts/cm/cmr10.pfb>
Output written on 4GeV_bin_Version.pdf (3 pages, 349679 bytes).
PDF statistics:
 813 PDF objects out of 1000 (max. 8388607)
 335 compressed objects within 4 object streams
 0 named destinations out of 1000 (max. 500000)
 91 words of extra memory for PDF output out of 10000 (max. 10000000)

